<?xml version="1.0" encoding="UTF-8"?>
<coverage generated="1585512384741" clover="3.2.0">
  <project timestamp="1585512384742" name="All files">
    <metrics statements="98" coveredstatements="56" conditionals="58" coveredconditionals="27" methods="21" coveredmethods="14" elements="177" coveredelements="97" complexity="0" loc="98" ncloc="98" packages="4" files="9" classes="9"/>
    <package name="src">
      <metrics statements="29" coveredstatements="29" conditionals="16" coveredconditionals="10" methods="8" coveredmethods="8"/>
      <file name="App.ts" path="C:\Users\Goku\workspace\be-the-hero\api\src\App.ts">
        <metrics statements="15" coveredstatements="15" conditionals="4" coveredconditionals="4" methods="6" coveredmethods="6"/>
        <line num="1" count="6" type="cond" truecount="4" falsecount="0"/>
        <line num="2" count="2" type="stmt"/>
        <line num="3" count="2" type="stmt"/>
        <line num="4" count="2" type="stmt"/>
        <line num="7" count="2" type="stmt"/>
        <line num="9" count="2" type="stmt"/>
        <line num="10" count="2" type="stmt"/>
        <line num="11" count="2" type="stmt"/>
        <line num="12" count="2" type="stmt"/>
        <line num="13" count="2" type="stmt"/>
        <line num="17" count="2" type="stmt"/>
        <line num="18" count="2" type="stmt"/>
        <line num="22" count="2" type="stmt"/>
        <line num="26" count="2" type="stmt"/>
        <line num="30" count="2" type="stmt"/>
      </file>
      <file name="knexfile.js" path="C:\Users\Goku\workspace\be-the-hero\api\src\knexfile.js">
        <metrics statements="1" coveredstatements="1" conditionals="0" coveredconditionals="0" methods="0" coveredmethods="0"/>
        <line num="3" count="2" type="stmt"/>
      </file>
      <file name="routes.ts" path="C:\Users\Goku\workspace\be-the-hero\api\src\routes.ts">
        <metrics statements="13" coveredstatements="13" conditionals="12" coveredconditionals="6" methods="2" coveredmethods="2"/>
        <line num="1" count="8" type="cond" truecount="6" falsecount="6"/>
        <line num="2" count="2" type="stmt"/>
        <line num="3" count="2" type="stmt"/>
        <line num="4" count="2" type="stmt"/>
        <line num="5" count="2" type="stmt"/>
        <line num="6" count="2" type="stmt"/>
        <line num="8" count="2" type="stmt"/>
        <line num="16" count="2" type="stmt"/>
        <line num="24" count="2" type="stmt"/>
        <line num="29" count="2" type="stmt"/>
        <line num="37" count="2" type="stmt"/>
        <line num="42" count="2" type="stmt"/>
        <line num="47" count="2" type="stmt"/>
      </file>
    </package>
    <package name="src.app.controllers">
      <metrics statements="59" coveredstatements="17" conditionals="36" coveredconditionals="13" methods="12" coveredmethods="5"/>
      <file name="AuthController.ts" path="C:\Users\Goku\workspace\be-the-hero\api\src\app\controllers\AuthController.ts">
        <metrics statements="10" coveredstatements="3" conditionals="8" coveredconditionals="3" methods="2" coveredmethods="1"/>
        <line num="1" count="2" type="cond" truecount="3" falsecount="1"/>
        <line num="2" count="2" type="stmt"/>
        <line num="6" count="0" type="stmt"/>
        <line num="8" count="0" type="cond" truecount="0" falsecount="2"/>
        <line num="9" count="0" type="stmt"/>
        <line num="15" count="0" type="stmt"/>
        <line num="20" count="0" type="cond" truecount="0" falsecount="2"/>
        <line num="21" count="0" type="stmt"/>
        <line num="27" count="0" type="stmt"/>
        <line num="31" count="2" type="stmt"/>
      </file>
      <file name="IncidentController.ts" path="C:\Users\Goku\workspace\be-the-hero\api\src\app\controllers\IncidentController.ts">
        <metrics statements="25" coveredstatements="3" conditionals="12" coveredconditionals="3" methods="5" coveredmethods="1"/>
        <line num="1" count="2" type="cond" truecount="3" falsecount="1"/>
        <line num="2" count="2" type="stmt"/>
        <line num="13" count="0" type="cond" truecount="0" falsecount="2"/>
        <line num="14" count="0" type="stmt"/>
        <line num="16" count="0" type="stmt"/>
        <line num="18" count="0" type="stmt"/>
        <line num="24" count="0" type="stmt"/>
        <line num="39" count="0" type="stmt"/>
        <line num="41" count="0" type="stmt"/>
        <line num="45" count="0" type="cond" truecount="0" falsecount="2"/>
        <line num="46" count="0" type="stmt"/>
        <line num="52" count="0" type="stmt"/>
        <line num="59" count="0" type="stmt"/>
        <line num="69" count="0" type="stmt"/>
        <line num="71" count="0" type="stmt"/>
        <line num="76" count="0" type="cond" truecount="0" falsecount="2"/>
        <line num="77" count="0" type="stmt"/>
        <line num="83" count="0" type="stmt"/>
        <line num="87" count="0" type="stmt"/>
        <line num="89" count="0" type="stmt"/>
        <line num="93" count="0" type="cond" truecount="0" falsecount="2"/>
        <line num="94" count="0" type="stmt"/>
        <line num="100" count="0" type="stmt"/>
        <line num="105" count="0" type="stmt"/>
        <line num="109" count="2" type="stmt"/>
      </file>
      <file name="OngController.ts" path="C:\Users\Goku\workspace\be-the-hero\api\src\app\controllers\OngController.ts">
        <metrics statements="13" coveredstatements="8" conditionals="8" coveredconditionals="4" methods="3" coveredmethods="2"/>
        <line num="1" count="2" type="cond" truecount="3" falsecount="1"/>
        <line num="4" count="2" type="stmt"/>
        <line num="16" count="0" type="cond" truecount="0" falsecount="2"/>
        <line num="17" count="0" type="stmt"/>
        <line num="19" count="0" type="stmt"/>
        <line num="24" count="0" type="stmt"/>
        <line num="34" count="1" type="stmt"/>
        <line num="36" count="1" type="stmt"/>
        <line num="41" count="1" type="cond" truecount="1" falsecount="1"/>
        <line num="42" count="0" type="stmt"/>
        <line num="48" count="1" type="stmt"/>
        <line num="56" count="1" type="stmt"/>
        <line num="67" count="2" type="stmt"/>
      </file>
      <file name="OngIncidentController.ts" path="C:\Users\Goku\workspace\be-the-hero\api\src\app\controllers\OngIncidentController.ts">
        <metrics statements="11" coveredstatements="3" conditionals="8" coveredconditionals="3" methods="2" coveredmethods="1"/>
        <line num="1" count="2" type="cond" truecount="3" falsecount="1"/>
        <line num="2" count="2" type="stmt"/>
        <line num="6" count="0" type="stmt"/>
        <line num="8" count="0" type="cond" truecount="0" falsecount="2"/>
        <line num="9" count="0" type="stmt"/>
        <line num="11" count="0" type="stmt"/>
        <line num="15" count="0" type="cond" truecount="0" falsecount="2"/>
        <line num="16" count="0" type="stmt"/>
        <line num="22" count="0" type="stmt"/>
        <line num="28" count="0" type="stmt"/>
        <line num="37" count="2" type="stmt"/>
      </file>
    </package>
    <package name="src.app.validators">
      <metrics statements="5" coveredstatements="5" conditionals="0" coveredconditionals="0" methods="0" coveredmethods="0"/>
      <file name="index.ts" path="C:\Users\Goku\workspace\be-the-hero\api\src\app\validators\index.ts">
        <metrics statements="5" coveredstatements="5" conditionals="0" coveredconditionals="0" methods="0" coveredmethods="0"/>
        <line num="1" count="2" type="stmt"/>
        <line num="15" count="2" type="stmt"/>
        <line num="20" count="2" type="stmt"/>
        <line num="22" count="2" type="stmt"/>
        <line num="32" count="2" type="stmt"/>
      </file>
    </package>
    <package name="src.database">
      <metrics statements="5" coveredstatements="5" conditionals="6" coveredconditionals="4" methods="1" coveredmethods="1"/>
      <file name="index.ts" path="C:\Users\Goku\workspace\be-the-hero\api\src\database\index.ts">
        <metrics statements="5" coveredstatements="5" conditionals="6" coveredconditionals="4" methods="1" coveredmethods="1"/>
        <line num="1" count="2" type="cond" truecount="3" falsecount="1"/>
        <line num="2" count="2" type="stmt"/>
        <line num="4" count="2" type="cond" truecount="1" falsecount="1"/>
        <line num="6" count="2" type="stmt"/>
        <line num="8" count="2" type="stmt"/>
      </file>
    </package>
  </project>
</coverage>
