{"C:\\Users\\Goku\\workspace\\be-the-hero\\api\\src\\App.ts": {"path":"C:\\Users\\Goku\\workspace\\be-the-hero\\api\\src\\App.ts","statementMap":{"0":{"start":{"line":1,"column":13},"end":{"line":1,"column":73}},"1":{"start":{"line":1,"column":113},"end":{"line":1,"column":167}},"2":{"start":{"line":1,"column":184},"end":{"line":1,"column":202}},"3":{"start":{"line":1,"column":220},"end":{"line":1,"column":252}},"4":{"start":{"line":2,"column":14},"end":{"line":2,"column":33}},"5":{"start":{"line":2,"column":50},"end":{"line":2,"column":81}},"6":{"start":{"line":3,"column":12},"end":{"line":3,"column":27}},"7":{"start":{"line":3,"column":42},"end":{"line":3,"column":71}},"8":{"start":{"line":4,"column":17},"end":{"line":4,"column":37}},"9":{"start":{"line":7,"column":15},"end":{"line":7,"column":61}},"10":{"start":{"line":9,"column":20},"end":{"line":9,"column":52}},"11":{"start":{"line":10,"column":8},"end":{"line":10,"column":20}},"12":{"start":{"line":11,"column":8},"end":{"line":11,"column":27}},"13":{"start":{"line":12,"column":8},"end":{"line":12,"column":22}},"14":{"start":{"line":13,"column":8},"end":{"line":13,"column":58}},"15":{"start":{"line":17,"column":8},"end":{"line":17,"column":54}},"16":{"start":{"line":18,"column":8},"end":{"line":18,"column":78}},"17":{"start":{"line":22,"column":8},"end":{"line":22,"column":42}},"18":{"start":{"line":26,"column":8},"end":{"line":26,"column":55}},"19":{"start":{"line":30,"column":0},"end":{"line":30,"column":36}}},"fnMap":{"0":{"name":"_interopRequireDefault","decl":{"start":{"line":1,"column":83},"end":{"line":1,"column":105}},"loc":{"start":{"line":1,"column":111},"end":{"line":1,"column":169}},"line":1},"1":{"name":"(anonymous_1)","decl":{"start":{"line":7,"column":5},"end":{"line":7,"column":6}},"loc":{"start":{"line":7,"column":14},"end":{"line":7,"column":62}},"line":7},"2":{"name":"(anonymous_2)","decl":{"start":{"line":9,"column":4},"end":{"line":9,"column":5}},"loc":{"start":{"line":9,"column":18},"end":{"line":14,"column":5}},"line":9},"3":{"name":"(anonymous_3)","decl":{"start":{"line":16,"column":5},"end":{"line":16,"column":6}},"loc":{"start":{"line":16,"column":19},"end":{"line":19,"column":5}},"line":16},"4":{"name":"(anonymous_4)","decl":{"start":{"line":21,"column":5},"end":{"line":21,"column":6}},"loc":{"start":{"line":21,"column":14},"end":{"line":23,"column":5}},"line":21},"5":{"name":"(anonymous_5)","decl":{"start":{"line":25,"column":5},"end":{"line":25,"column":6}},"loc":{"start":{"line":25,"column":12},"end":{"line":27,"column":5}},"line":25}},"branchMap":{"0":{"loc":{"start":{"line":1,"column":120},"end":{"line":1,"column":166}},"type":"cond-expr","locations":[{"start":{"line":1,"column":144},"end":{"line":1,"column":147}},{"start":{"line":1,"column":150},"end":{"line":1,"column":166}}],"line":1},"1":{"loc":{"start":{"line":1,"column":120},"end":{"line":1,"column":141}},"type":"binary-expr","locations":[{"start":{"line":1,"column":120},"end":{"line":1,"column":123}},{"start":{"line":1,"column":127},"end":{"line":1,"column":141}}],"line":1}},"s":{"0":2,"1":6,"2":2,"3":2,"4":2,"5":2,"6":2,"7":2,"8":2,"9":2,"10":2,"11":2,"12":2,"13":2,"14":2,"15":2,"16":2,"17":2,"18":2,"19":2},"f":{"0":6,"1":2,"2":2,"3":2,"4":2,"5":2},"b":{"0":[2,4],"1":[6,6]},"inputSourceMap":null,"_coverageSchema":"1a1c01bbd47fc00a2c39e90264f33305004495a9","hash":"ae6933791c2ff4070fb9fcfcd2d6dcabaa910c30"}
,"C:\\Users\\Goku\\workspace\\be-the-hero\\api\\src\\knexfile.js": {"path":"C:\\Users\\Goku\\workspace\\be-the-hero\\api\\src\\knexfile.js","statementMap":{"0":{"start":{"line":3,"column":0},"end":{"line":57,"column":2}}},"fnMap":{},"branchMap":{},"s":{"0":2},"f":{},"b":{},"inputSourceMap":null,"_coverageSchema":"1a1c01bbd47fc00a2c39e90264f33305004495a9","hash":"a7ef37e8a0a59b1d084b5fbbc06c11227621f144"}
,"C:\\Users\\Goku\\workspace\\be-the-hero\\api\\src\\routes.ts": {"path":"C:\\Users\\Goku\\workspace\\be-the-hero\\api\\src\\routes.ts","statementMap":{"0":{"start":{"line":1,"column":13},"end":{"line":1,"column":73}},"1":{"start":{"line":1,"column":114},"end":{"line":1,"column":345}},"2":{"start":{"line":1,"column":143},"end":{"line":1,"column":154}},"3":{"start":{"line":1,"column":177},"end":{"line":1,"column":179}},"4":{"start":{"line":1,"column":181},"end":{"line":1,"column":306}},"5":{"start":{"line":1,"column":200},"end":{"line":1,"column":304}},"6":{"start":{"line":1,"column":223},"end":{"line":1,"column":302}},"7":{"start":{"line":1,"column":277},"end":{"line":1,"column":300}},"8":{"start":{"line":1,"column":307},"end":{"line":1,"column":328}},"9":{"start":{"line":1,"column":329},"end":{"line":1,"column":343}},"10":{"start":{"line":1,"column":387},"end":{"line":1,"column":441}},"11":{"start":{"line":1,"column":458},"end":{"line":1,"column":476}},"12":{"start":{"line":2,"column":21},"end":{"line":2,"column":63}},"13":{"start":{"line":2,"column":87},"end":{"line":2,"column":125}},"14":{"start":{"line":3,"column":26},"end":{"line":3,"column":73}},"15":{"start":{"line":3,"column":102},"end":{"line":3,"column":145}},"16":{"start":{"line":4,"column":29},"end":{"line":4,"column":79}},"17":{"start":{"line":4,"column":111},"end":{"line":4,"column":157}},"18":{"start":{"line":5,"column":22},"end":{"line":5,"column":65}},"19":{"start":{"line":5,"column":90},"end":{"line":5,"column":129}},"20":{"start":{"line":6,"column":18},"end":{"line":6,"column":45}},"21":{"start":{"line":6,"column":64},"end":{"line":6,"column":100}},"22":{"start":{"line":8,"column":15},"end":{"line":8,"column":45}},"23":{"start":{"line":16,"column":0},"end":{"line":16,"column":60}},"24":{"start":{"line":24,"column":0},"end":{"line":27,"column":40}},"25":{"start":{"line":29,"column":0},"end":{"line":29,"column":83}},"26":{"start":{"line":37,"column":0},"end":{"line":40,"column":82}},"27":{"start":{"line":42,"column":0},"end":{"line":45,"column":50}},"28":{"start":{"line":47,"column":0},"end":{"line":47,"column":26}}},"fnMap":{"0":{"name":"_interopRequireWildcard","decl":{"start":{"line":1,"column":83},"end":{"line":1,"column":106}},"loc":{"start":{"line":1,"column":112},"end":{"line":1,"column":347}},"line":1},"1":{"name":"_interopRequireDefault","decl":{"start":{"line":1,"column":357},"end":{"line":1,"column":379}},"loc":{"start":{"line":1,"column":385},"end":{"line":1,"column":443}},"line":1}},"branchMap":{"0":{"loc":{"start":{"line":1,"column":114},"end":{"line":1,"column":345}},"type":"if","locations":[{"start":{"line":1,"column":114},"end":{"line":1,"column":345}},{"start":{"line":1,"column":114},"end":{"line":1,"column":345}}],"line":1},"1":{"loc":{"start":{"line":1,"column":118},"end":{"line":1,"column":139}},"type":"binary-expr","locations":[{"start":{"line":1,"column":118},"end":{"line":1,"column":121}},{"start":{"line":1,"column":125},"end":{"line":1,"column":139}}],"line":1},"2":{"loc":{"start":{"line":1,"column":181},"end":{"line":1,"column":306}},"type":"if","locations":[{"start":{"line":1,"column":181},"end":{"line":1,"column":306}},{"start":{"line":1,"column":181},"end":{"line":1,"column":306}}],"line":1},"3":{"loc":{"start":{"line":1,"column":223},"end":{"line":1,"column":302}},"type":"if","locations":[{"start":{"line":1,"column":223},"end":{"line":1,"column":302}},{"start":{"line":1,"column":223},"end":{"line":1,"column":302}}],"line":1},"4":{"loc":{"start":{"line":1,"column":394},"end":{"line":1,"column":440}},"type":"cond-expr","locations":[{"start":{"line":1,"column":418},"end":{"line":1,"column":421}},{"start":{"line":1,"column":424},"end":{"line":1,"column":440}}],"line":1},"5":{"loc":{"start":{"line":1,"column":394},"end":{"line":1,"column":415}},"type":"binary-expr","locations":[{"start":{"line":1,"column":394},"end":{"line":1,"column":397}},{"start":{"line":1,"column":401},"end":{"line":1,"column":415}}],"line":1}},"s":{"0":2,"1":2,"2":2,"3":0,"4":0,"5":0,"6":0,"7":0,"8":0,"9":0,"10":8,"11":2,"12":2,"13":2,"14":2,"15":2,"16":2,"17":2,"18":2,"19":2,"20":2,"21":2,"22":2,"23":2,"24":2,"25":2,"26":2,"27":2,"28":2},"f":{"0":2,"1":8},"b":{"0":[2,0],"1":[2,2],"2":[0,0],"3":[0,0],"4":[8,0],"5":[8,8]},"inputSourceMap":null,"_coverageSchema":"1a1c01bbd47fc00a2c39e90264f33305004495a9","hash":"14d4ced5cfabaadf014beac116c2f71681efa768"}
,"C:\\Users\\Goku\\workspace\\be-the-hero\\api\\src\\app\\controllers\\AuthController.ts": {"path":"C:\\Users\\Goku\\workspace\\be-the-hero\\api\\src\\app\\controllers\\AuthController.ts","statementMap":{"0":{"start":{"line":1,"column":13},"end":{"line":1,"column":73}},"1":{"start":{"line":1,"column":113},"end":{"line":1,"column":167}},"2":{"start":{"line":2,"column":16},"end":{"line":2,"column":41}},"3":{"start":{"line":2,"column":60},"end":{"line":2,"column":93}},"4":{"start":{"line":6,"column":27},"end":{"line":6,"column":39}},"5":{"start":{"line":8,"column":8},"end":{"line":13,"column":9}},"6":{"start":{"line":9,"column":12},"end":{"line":12,"column":15}},"7":{"start":{"line":15,"column":20},"end":{"line":18,"column":20}},"8":{"start":{"line":20,"column":8},"end":{"line":25,"column":9}},"9":{"start":{"line":21,"column":12},"end":{"line":24,"column":15}},"10":{"start":{"line":27,"column":8},"end":{"line":27,"column":34}},"11":{"start":{"line":31,"column":0},"end":{"line":31,"column":40}}},"fnMap":{"0":{"name":"_interopRequireDefault","decl":{"start":{"line":1,"column":83},"end":{"line":1,"column":105}},"loc":{"start":{"line":1,"column":111},"end":{"line":1,"column":169}},"line":1},"1":{"name":"(anonymous_1)","decl":{"start":{"line":5,"column":4},"end":{"line":5,"column":5}},"loc":{"start":{"line":5,"column":35},"end":{"line":28,"column":5}},"line":5}},"branchMap":{"0":{"loc":{"start":{"line":1,"column":120},"end":{"line":1,"column":166}},"type":"cond-expr","locations":[{"start":{"line":1,"column":144},"end":{"line":1,"column":147}},{"start":{"line":1,"column":150},"end":{"line":1,"column":166}}],"line":1},"1":{"loc":{"start":{"line":1,"column":120},"end":{"line":1,"column":141}},"type":"binary-expr","locations":[{"start":{"line":1,"column":120},"end":{"line":1,"column":123}},{"start":{"line":1,"column":127},"end":{"line":1,"column":141}}],"line":1},"2":{"loc":{"start":{"line":8,"column":8},"end":{"line":13,"column":9}},"type":"if","locations":[{"start":{"line":8,"column":8},"end":{"line":13,"column":9}},{"start":{"line":8,"column":8},"end":{"line":13,"column":9}}],"line":8},"3":{"loc":{"start":{"line":20,"column":8},"end":{"line":25,"column":9}},"type":"if","locations":[{"start":{"line":20,"column":8},"end":{"line":25,"column":9}},{"start":{"line":20,"column":8},"end":{"line":25,"column":9}}],"line":20}},"s":{"0":2,"1":2,"2":2,"3":2,"4":0,"5":0,"6":0,"7":0,"8":0,"9":0,"10":0,"11":2},"f":{"0":2,"1":0},"b":{"0":[2,0],"1":[2,2],"2":[0,0],"3":[0,0]},"inputSourceMap":null,"_coverageSchema":"1a1c01bbd47fc00a2c39e90264f33305004495a9","hash":"f6e9e563a9013332e9fb1741ad93131920e25932"}
,"C:\\Users\\Goku\\workspace\\be-the-hero\\api\\src\\app\\controllers\\IncidentController.ts": {"path":"C:\\Users\\Goku\\workspace\\be-the-hero\\api\\src\\app\\controllers\\IncidentController.ts","statementMap":{"0":{"start":{"line":1,"column":13},"end":{"line":1,"column":73}},"1":{"start":{"line":1,"column":113},"end":{"line":1,"column":167}},"2":{"start":{"line":2,"column":16},"end":{"line":2,"column":41}},"3":{"start":{"line":2,"column":60},"end":{"line":2,"column":93}},"4":{"start":{"line":13,"column":41},"end":{"line":13,"column":54}},"5":{"start":{"line":14,"column":23},"end":{"line":14,"column":43}},"6":{"start":{"line":16,"column":24},"end":{"line":16,"column":82}},"7":{"start":{"line":18,"column":26},"end":{"line":22,"column":27}},"8":{"start":{"line":24,"column":8},"end":{"line":30,"column":11}},"9":{"start":{"line":39,"column":12},"end":{"line":39,"column":24}},"10":{"start":{"line":41,"column":20},"end":{"line":43,"column":20}},"11":{"start":{"line":45,"column":8},"end":{"line":50,"column":9}},"12":{"start":{"line":46,"column":12},"end":{"line":49,"column":15}},"13":{"start":{"line":52,"column":21},"end":{"line":57,"column":10}},"14":{"start":{"line":59,"column":8},"end":{"line":65,"column":11}},"15":{"start":{"line":69,"column":23},"end":{"line":69,"column":37}},"16":{"start":{"line":71,"column":25},"end":{"line":74,"column":20}},"17":{"start":{"line":76,"column":8},"end":{"line":81,"column":9}},"18":{"start":{"line":77,"column":12},"end":{"line":80,"column":15}},"19":{"start":{"line":83,"column":8},"end":{"line":83,"column":39}},"20":{"start":{"line":87,"column":23},"end":{"line":87,"column":37}},"21":{"start":{"line":89,"column":25},"end":{"line":91,"column":20}},"22":{"start":{"line":93,"column":8},"end":{"line":98,"column":9}},"23":{"start":{"line":94,"column":12},"end":{"line":97,"column":15}},"24":{"start":{"line":100,"column":8},"end":{"line":103,"column":22}},"25":{"start":{"line":105,"column":8},"end":{"line":105,"column":43}},"26":{"start":{"line":109,"column":0},"end":{"line":109,"column":44}}},"fnMap":{"0":{"name":"_interopRequireDefault","decl":{"start":{"line":1,"column":83},"end":{"line":1,"column":105}},"loc":{"start":{"line":1,"column":111},"end":{"line":1,"column":169}},"line":1},"1":{"name":"(anonymous_1)","decl":{"start":{"line":12,"column":4},"end":{"line":12,"column":5}},"loc":{"start":{"line":12,"column":35},"end":{"line":31,"column":5}},"line":12},"2":{"name":"(anonymous_2)","decl":{"start":{"line":33,"column":4},"end":{"line":33,"column":5}},"loc":{"start":{"line":33,"column":35},"end":{"line":66,"column":5}},"line":33},"3":{"name":"(anonymous_3)","decl":{"start":{"line":68,"column":4},"end":{"line":68,"column":5}},"loc":{"start":{"line":68,"column":34},"end":{"line":84,"column":5}},"line":68},"4":{"name":"(anonymous_4)","decl":{"start":{"line":86,"column":4},"end":{"line":86,"column":5}},"loc":{"start":{"line":86,"column":37},"end":{"line":106,"column":5}},"line":86}},"branchMap":{"0":{"loc":{"start":{"line":1,"column":120},"end":{"line":1,"column":166}},"type":"cond-expr","locations":[{"start":{"line":1,"column":144},"end":{"line":1,"column":147}},{"start":{"line":1,"column":150},"end":{"line":1,"column":166}}],"line":1},"1":{"loc":{"start":{"line":1,"column":120},"end":{"line":1,"column":141}},"type":"binary-expr","locations":[{"start":{"line":1,"column":120},"end":{"line":1,"column":123}},{"start":{"line":1,"column":127},"end":{"line":1,"column":141}}],"line":1},"2":{"loc":{"start":{"line":13,"column":16},"end":{"line":13,"column":24}},"type":"default-arg","locations":[{"start":{"line":13,"column":23},"end":{"line":13,"column":24}}],"line":13},"3":{"loc":{"start":{"line":13,"column":26},"end":{"line":13,"column":36}},"type":"default-arg","locations":[{"start":{"line":13,"column":34},"end":{"line":13,"column":36}}],"line":13},"4":{"loc":{"start":{"line":45,"column":8},"end":{"line":50,"column":9}},"type":"if","locations":[{"start":{"line":45,"column":8},"end":{"line":50,"column":9}},{"start":{"line":45,"column":8},"end":{"line":50,"column":9}}],"line":45},"5":{"loc":{"start":{"line":76,"column":8},"end":{"line":81,"column":9}},"type":"if","locations":[{"start":{"line":76,"column":8},"end":{"line":81,"column":9}},{"start":{"line":76,"column":8},"end":{"line":81,"column":9}}],"line":76},"6":{"loc":{"start":{"line":93,"column":8},"end":{"line":98,"column":9}},"type":"if","locations":[{"start":{"line":93,"column":8},"end":{"line":98,"column":9}},{"start":{"line":93,"column":8},"end":{"line":98,"column":9}}],"line":93}},"s":{"0":2,"1":2,"2":2,"3":2,"4":0,"5":0,"6":0,"7":0,"8":0,"9":0,"10":0,"11":0,"12":0,"13":0,"14":0,"15":0,"16":0,"17":0,"18":0,"19":0,"20":0,"21":0,"22":0,"23":0,"24":0,"25":0,"26":2},"f":{"0":2,"1":0,"2":0,"3":0,"4":0},"b":{"0":[2,0],"1":[2,2],"2":[0],"3":[0],"4":[0,0],"5":[0,0],"6":[0,0]},"inputSourceMap":null,"_coverageSchema":"1a1c01bbd47fc00a2c39e90264f33305004495a9","hash":"f794037ff00fa533735d41a5a83c5564e27aacea"}
,"C:\\Users\\Goku\\workspace\\be-the-hero\\api\\src\\app\\controllers\\OngController.ts": {"path":"C:\\Users\\Goku\\workspace\\be-the-hero\\api\\src\\app\\controllers\\OngController.ts","statementMap":{"0":{"start":{"line":1,"column":13},"end":{"line":1,"column":73}},"1":{"start":{"line":1,"column":113},"end":{"line":1,"column":167}},"2":{"start":{"line":4,"column":16},"end":{"line":4,"column":41}},"3":{"start":{"line":4,"column":60},"end":{"line":4,"column":93}},"4":{"start":{"line":16,"column":41},"end":{"line":16,"column":54}},"5":{"start":{"line":17,"column":23},"end":{"line":17,"column":43}},"6":{"start":{"line":19,"column":21},"end":{"line":22,"column":27}},"7":{"start":{"line":24,"column":8},"end":{"line":24,"column":66}},"8":{"start":{"line":34,"column":12},"end":{"line":34,"column":24}},"9":{"start":{"line":36,"column":41},"end":{"line":39,"column":20}},"10":{"start":{"line":41,"column":8},"end":{"line":46,"column":9}},"11":{"start":{"line":42,"column":12},"end":{"line":45,"column":15}},"12":{"start":{"line":48,"column":21},"end":{"line":54,"column":10}},"13":{"start":{"line":56,"column":8},"end":{"line":63,"column":11}},"14":{"start":{"line":67,"column":0},"end":{"line":67,"column":39}}},"fnMap":{"0":{"name":"_interopRequireDefault","decl":{"start":{"line":1,"column":83},"end":{"line":1,"column":105}},"loc":{"start":{"line":1,"column":111},"end":{"line":1,"column":169}},"line":1},"1":{"name":"(anonymous_1)","decl":{"start":{"line":15,"column":5},"end":{"line":15,"column":6}},"loc":{"start":{"line":15,"column":36},"end":{"line":25,"column":5}},"line":15},"2":{"name":"(anonymous_2)","decl":{"start":{"line":27,"column":5},"end":{"line":27,"column":6}},"loc":{"start":{"line":27,"column":36},"end":{"line":64,"column":5}},"line":27}},"branchMap":{"0":{"loc":{"start":{"line":1,"column":120},"end":{"line":1,"column":166}},"type":"cond-expr","locations":[{"start":{"line":1,"column":144},"end":{"line":1,"column":147}},{"start":{"line":1,"column":150},"end":{"line":1,"column":166}}],"line":1},"1":{"loc":{"start":{"line":1,"column":120},"end":{"line":1,"column":141}},"type":"binary-expr","locations":[{"start":{"line":1,"column":120},"end":{"line":1,"column":123}},{"start":{"line":1,"column":127},"end":{"line":1,"column":141}}],"line":1},"2":{"loc":{"start":{"line":16,"column":16},"end":{"line":16,"column":24}},"type":"default-arg","locations":[{"start":{"line":16,"column":23},"end":{"line":16,"column":24}}],"line":16},"3":{"loc":{"start":{"line":16,"column":26},"end":{"line":16,"column":36}},"type":"default-arg","locations":[{"start":{"line":16,"column":34},"end":{"line":16,"column":36}}],"line":16},"4":{"loc":{"start":{"line":41,"column":8},"end":{"line":46,"column":9}},"type":"if","locations":[{"start":{"line":41,"column":8},"end":{"line":46,"column":9}},{"start":{"line":41,"column":8},"end":{"line":46,"column":9}}],"line":41}},"s":{"0":2,"1":2,"2":2,"3":2,"4":0,"5":0,"6":0,"7":0,"8":1,"9":1,"10":1,"11":0,"12":1,"13":1,"14":2},"f":{"0":2,"1":0,"2":1},"b":{"0":[2,0],"1":[2,2],"2":[0],"3":[0],"4":[0,1]},"inputSourceMap":null,"_coverageSchema":"1a1c01bbd47fc00a2c39e90264f33305004495a9","hash":"d5adf170424f7b4b132a60e20ce8a5938e382770"}
,"C:\\Users\\Goku\\workspace\\be-the-hero\\api\\src\\app\\controllers\\OngIncidentController.ts": {"path":"C:\\Users\\Goku\\workspace\\be-the-hero\\api\\src\\app\\controllers\\OngIncidentController.ts","statementMap":{"0":{"start":{"line":1,"column":13},"end":{"line":1,"column":73}},"1":{"start":{"line":1,"column":113},"end":{"line":1,"column":167}},"2":{"start":{"line":2,"column":16},"end":{"line":2,"column":41}},"3":{"start":{"line":2,"column":60},"end":{"line":2,"column":93}},"4":{"start":{"line":6,"column":27},"end":{"line":6,"column":41}},"5":{"start":{"line":8,"column":41},"end":{"line":8,"column":54}},"6":{"start":{"line":9,"column":23},"end":{"line":9,"column":43}},"7":{"start":{"line":11,"column":20},"end":{"line":13,"column":20}},"8":{"start":{"line":15,"column":8},"end":{"line":20,"column":9}},"9":{"start":{"line":16,"column":12},"end":{"line":19,"column":15}},"10":{"start":{"line":22,"column":26},"end":{"line":26,"column":27}},"11":{"start":{"line":28,"column":8},"end":{"line":33,"column":11}},"12":{"start":{"line":37,"column":0},"end":{"line":37,"column":47}}},"fnMap":{"0":{"name":"_interopRequireDefault","decl":{"start":{"line":1,"column":83},"end":{"line":1,"column":105}},"loc":{"start":{"line":1,"column":111},"end":{"line":1,"column":169}},"line":1},"1":{"name":"(anonymous_1)","decl":{"start":{"line":5,"column":4},"end":{"line":5,"column":5}},"loc":{"start":{"line":5,"column":35},"end":{"line":34,"column":5}},"line":5}},"branchMap":{"0":{"loc":{"start":{"line":1,"column":120},"end":{"line":1,"column":166}},"type":"cond-expr","locations":[{"start":{"line":1,"column":144},"end":{"line":1,"column":147}},{"start":{"line":1,"column":150},"end":{"line":1,"column":166}}],"line":1},"1":{"loc":{"start":{"line":1,"column":120},"end":{"line":1,"column":141}},"type":"binary-expr","locations":[{"start":{"line":1,"column":120},"end":{"line":1,"column":123}},{"start":{"line":1,"column":127},"end":{"line":1,"column":141}}],"line":1},"2":{"loc":{"start":{"line":8,"column":16},"end":{"line":8,"column":24}},"type":"default-arg","locations":[{"start":{"line":8,"column":23},"end":{"line":8,"column":24}}],"line":8},"3":{"loc":{"start":{"line":8,"column":26},"end":{"line":8,"column":36}},"type":"default-arg","locations":[{"start":{"line":8,"column":34},"end":{"line":8,"column":36}}],"line":8},"4":{"loc":{"start":{"line":15,"column":8},"end":{"line":20,"column":9}},"type":"if","locations":[{"start":{"line":15,"column":8},"end":{"line":20,"column":9}},{"start":{"line":15,"column":8},"end":{"line":20,"column":9}}],"line":15}},"s":{"0":2,"1":2,"2":2,"3":2,"4":0,"5":0,"6":0,"7":0,"8":0,"9":0,"10":0,"11":0,"12":2},"f":{"0":2,"1":0},"b":{"0":[2,0],"1":[2,2],"2":[0],"3":[0],"4":[0,0]},"inputSourceMap":null,"_coverageSchema":"1a1c01bbd47fc00a2c39e90264f33305004495a9","hash":"6585d1c17b5600ae974e2a4694a36a876f2a0719"}
,"C:\\Users\\Goku\\workspace\\be-the-hero\\api\\src\\app\\validators\\index.ts": {"path":"C:\\Users\\Goku\\workspace\\be-the-hero\\api\\src\\app\\validators\\index.ts","statementMap":{"0":{"start":{"line":1,"column":13},"end":{"line":1,"column":73}},"1":{"start":{"line":1,"column":90},"end":{"line":1,"column":110}},"2":{"start":{"line":15,"column":33},"end":{"line":20,"column":2}},"3":{"start":{"line":20,"column":4},"end":{"line":20,"column":62}},"4":{"start":{"line":22,"column":28},"end":{"line":32,"column":2}},"5":{"start":{"line":32,"column":4},"end":{"line":32,"column":52}}},"fnMap":{},"branchMap":{},"s":{"0":2,"1":2,"2":2,"3":2,"4":2,"5":2},"f":{},"b":{},"inputSourceMap":null,"_coverageSchema":"1a1c01bbd47fc00a2c39e90264f33305004495a9","hash":"dc42615cf470c039c45f6861f0fa3ea3f83c796f"}
,"C:\\Users\\Goku\\workspace\\be-the-hero\\api\\src\\database\\index.ts": {"path":"C:\\Users\\Goku\\workspace\\be-the-hero\\api\\src\\database\\index.ts","statementMap":{"0":{"start":{"line":1,"column":13},"end":{"line":1,"column":73}},"1":{"start":{"line":1,"column":113},"end":{"line":1,"column":167}},"2":{"start":{"line":1,"column":181},"end":{"line":1,"column":196}},"3":{"start":{"line":1,"column":211},"end":{"line":1,"column":240}},"4":{"start":{"line":2,"column":16},"end":{"line":2,"column":38}},"5":{"start":{"line":4,"column":15},"end":{"line":4,"column":87}},"6":{"start":{"line":6,"column":27},"end":{"line":6,"column":62}},"7":{"start":{"line":8,"column":0},"end":{"line":8,"column":38}}},"fnMap":{"0":{"name":"_interopRequireDefault","decl":{"start":{"line":1,"column":83},"end":{"line":1,"column":105}},"loc":{"start":{"line":1,"column":111},"end":{"line":1,"column":169}},"line":1}},"branchMap":{"0":{"loc":{"start":{"line":1,"column":120},"end":{"line":1,"column":166}},"type":"cond-expr","locations":[{"start":{"line":1,"column":144},"end":{"line":1,"column":147}},{"start":{"line":1,"column":150},"end":{"line":1,"column":166}}],"line":1},"1":{"loc":{"start":{"line":1,"column":120},"end":{"line":1,"column":141}},"type":"binary-expr","locations":[{"start":{"line":1,"column":120},"end":{"line":1,"column":123}},{"start":{"line":1,"column":127},"end":{"line":1,"column":141}}],"line":1},"2":{"loc":{"start":{"line":4,"column":15},"end":{"line":4,"column":87}},"type":"cond-expr","locations":[{"start":{"line":4,"column":49},"end":{"line":4,"column":63}},{"start":{"line":4,"column":66},"end":{"line":4,"column":87}}],"line":4}},"s":{"0":2,"1":2,"2":2,"3":2,"4":2,"5":2,"6":2,"7":2},"f":{"0":2},"b":{"0":[0,2],"1":[2,2],"2":[2,0]},"inputSourceMap":null,"_coverageSchema":"1a1c01bbd47fc00a2c39e90264f33305004495a9","hash":"9d10653b04e200359353513c04eb1c8a8a55ac54"}
}
