TN:
SF:src\App.ts
FN:1,_interopRequireDefault
FN:7,(anonymous_1)
FN:9,(anonymous_2)
FN:16,(anonymous_3)
FN:21,(anonymous_4)
FN:25,(anonymous_5)
FNF:6
FNH:6
FNDA:6,_interopRequireDefault
FNDA:2,(anonymous_1)
FNDA:2,(anonymous_2)
FNDA:2,(anonymous_3)
FNDA:2,(anonymous_4)
FNDA:2,(anonymous_5)
DA:1,6
DA:2,2
DA:3,2
DA:4,2
DA:7,2
DA:9,2
DA:10,2
DA:11,2
DA:12,2
DA:13,2
DA:17,2
DA:18,2
DA:22,2
DA:26,2
DA:30,2
LF:15
LH:15
BRDA:1,0,0,2
BRDA:1,0,1,4
BRDA:1,1,0,6
BRDA:1,1,1,6
BRF:4
BRH:4
end_of_record
TN:
SF:src\knexfile.js
FNF:0
FNH:0
DA:3,2
LF:1
LH:1
BRF:0
BRH:0
end_of_record
TN:
SF:src\routes.ts
FN:1,_interopRequireWildcard
FN:1,_interopRequireDefault
FNF:2
FNH:2
FNDA:2,_interopRequireWildcard
FNDA:8,_interopRequireDefault
DA:1,8
DA:2,2
DA:3,2
DA:4,2
DA:5,2
DA:6,2
DA:8,2
DA:16,2
DA:24,2
DA:29,2
DA:37,2
DA:42,2
DA:47,2
LF:13
LH:13
BRDA:1,0,0,2
BRDA:1,0,1,0
BRDA:1,1,0,2
BRDA:1,1,1,2
BRDA:1,2,0,0
BRDA:1,2,1,0
BRDA:1,3,0,0
BRDA:1,3,1,0
BRDA:1,4,0,8
BRDA:1,4,1,0
BRDA:1,5,0,8
BRDA:1,5,1,8
BRF:12
BRH:6
end_of_record
TN:
SF:src\app\controllers\AuthController.ts
FN:1,_interopRequireDefault
FN:5,(anonymous_1)
FNF:2
FNH:1
FNDA:2,_interopRequireDefault
FNDA:0,(anonymous_1)
DA:1,2
DA:2,2
DA:6,0
DA:8,0
DA:9,0
DA:15,0
DA:20,0
DA:21,0
DA:27,0
DA:31,2
LF:10
LH:3
BRDA:1,0,0,2
BRDA:1,0,1,0
BRDA:1,1,0,2
BRDA:1,1,1,2
BRDA:8,2,0,0
BRDA:8,2,1,0
BRDA:20,3,0,0
BRDA:20,3,1,0
BRF:8
BRH:3
end_of_record
TN:
SF:src\app\controllers\IncidentController.ts
FN:1,_interopRequireDefault
FN:12,(anonymous_1)
FN:33,(anonymous_2)
FN:68,(anonymous_3)
FN:86,(anonymous_4)
FNF:5
FNH:1
FNDA:2,_interopRequireDefault
FNDA:0,(anonymous_1)
FNDA:0,(anonymous_2)
FNDA:0,(anonymous_3)
FNDA:0,(anonymous_4)
DA:1,2
DA:2,2
DA:13,0
DA:14,0
DA:16,0
DA:18,0
DA:24,0
DA:39,0
DA:41,0
DA:45,0
DA:46,0
DA:52,0
DA:59,0
DA:69,0
DA:71,0
DA:76,0
DA:77,0
DA:83,0
DA:87,0
DA:89,0
DA:93,0
DA:94,0
DA:100,0
DA:105,0
DA:109,2
LF:25
LH:3
BRDA:1,0,0,2
BRDA:1,0,1,0
BRDA:1,1,0,2
BRDA:1,1,1,2
BRDA:13,2,0,0
BRDA:13,3,0,0
BRDA:45,4,0,0
BRDA:45,4,1,0
BRDA:76,5,0,0
BRDA:76,5,1,0
BRDA:93,6,0,0
BRDA:93,6,1,0
BRF:12
BRH:3
end_of_record
TN:
SF:src\app\controllers\OngController.ts
FN:1,_interopRequireDefault
FN:15,(anonymous_1)
FN:27,(anonymous_2)
FNF:3
FNH:2
FNDA:2,_interopRequireDefault
FNDA:0,(anonymous_1)
FNDA:1,(anonymous_2)
DA:1,2
DA:4,2
DA:16,0
DA:17,0
DA:19,0
DA:24,0
DA:34,1
DA:36,1
DA:41,1
DA:42,0
DA:48,1
DA:56,1
DA:67,2
LF:13
LH:8
BRDA:1,0,0,2
BRDA:1,0,1,0
BRDA:1,1,0,2
BRDA:1,1,1,2
BRDA:16,2,0,0
BRDA:16,3,0,0
BRDA:41,4,0,0
BRDA:41,4,1,1
BRF:8
BRH:4
end_of_record
TN:
SF:src\app\controllers\OngIncidentController.ts
FN:1,_interopRequireDefault
FN:5,(anonymous_1)
FNF:2
FNH:1
FNDA:2,_interopRequireDefault
FNDA:0,(anonymous_1)
DA:1,2
DA:2,2
DA:6,0
DA:8,0
DA:9,0
DA:11,0
DA:15,0
DA:16,0
DA:22,0
DA:28,0
DA:37,2
LF:11
LH:3
BRDA:1,0,0,2
BRDA:1,0,1,0
BRDA:1,1,0,2
BRDA:1,1,1,2
BRDA:8,2,0,0
BRDA:8,3,0,0
BRDA:15,4,0,0
BRDA:15,4,1,0
BRF:8
BRH:3
end_of_record
TN:
SF:src\app\validators\index.ts
FNF:0
FNH:0
DA:1,2
DA:15,2
DA:20,2
DA:22,2
DA:32,2
LF:5
LH:5
BRF:0
BRH:0
end_of_record
TN:
SF:src\database\index.ts
FN:1,_interopRequireDefault
FNF:1
FNH:1
FNDA:2,_interopRequireDefault
DA:1,2
DA:2,2
DA:4,2
DA:6,2
DA:8,2
LF:5
LH:5
BRDA:1,0,0,0
BRDA:1,0,1,2
BRDA:1,1,0,2
BRDA:1,1,1,2
BRDA:4,2,0,2
BRDA:4,2,1,0
BRF:6
BRH:4
end_of_record
